<?xml version="1.0" encoding="UTF-8"?>
<!-- Generated by org.testng.reporters.JUnitReportReporter -->
<testsuite skipped="0" hostname="Yogesh-PC" name="BasicTest.TEST2" tests="4" failures="0" timestamp="2019-12-09T23:20:48 IST" time="42.743" errors="0">
  <testcase name="jenkins3" time="10.193" classname="BasicTest.TEST2"/>
  <testcase name="jenkins" time="9.337" classname="BasicTest.TEST2"/>
  <testcase name="jenkins2" time="13.218" classname="BasicTest.TEST2"/>
  <testcase name="jenkins1" time="9.995" classname="BasicTest.TEST2"/>
</testsuite> <!-- BasicTest.TEST2 -->
