<?xml version="1.0" encoding="UTF-8"?>
<!-- Generated by org.testng.reporters.JUnitReportReporter -->
<testsuite skipped="0" hostname="Yogesh-PC" name="BasicTest.TEST1" tests="4" failures="0" timestamp="2019-12-09T23:20:48 IST" time="42.400" errors="0">
  <testcase name="jenkins2" time="10.459" classname="BasicTest.TEST1"/>
  <testcase name="jenkins3" time="9.735" classname="BasicTest.TEST1"/>
  <testcase name="jenkins1" time="11.635" classname="BasicTest.TEST1"/>
  <testcase name="jenkins" time="10.571" classname="BasicTest.TEST1"/>
</testsuite> <!-- BasicTest.TEST1 -->
